sandbox_id=eos-c248f5c4-9812-4364-b24f-380d19d60b7a
daemon_pid=7
after_warmup_25
VmHWM:	    4512 kB
VmRSS:	    4512 kB
after_batch_250
VmHWM:	    5508 kB
VmRSS:	    5508 kB
after_batch_500
VmHWM:	    5768 kB
VmRSS:	    5768 kB
after_cooldown_3s
VmHWM:	    5768 kB
VmRSS:	    5768 kB
after_batch_1000_total
VmHWM:	    6040 kB
VmRSS:	    6028 kB
after_second_cooldown_3s
VmHWM:	    6040 kB
VmRSS:	    6028 kB
after_batch_2000_total
VmHWM:	    6296 kB
VmRSS:	    6248 kB
after_third_cooldown_3s
VmHWM:	    6296 kB
VmRSS:	    6248 kB
